20160224 20:13:51/debug/500
20160224 20:13:54/debug/500
20160224 20:13:55/debug/500
20160224 20:14:04/debug/500
20160224 20:14:05/debug/500
20160224 20:18:36/debug/500
20160224 20:18:37/debug/500
20160224 20:18:54/debug/500
20160224 20:20:25/debug/500
20160224 20:20:27/debug/500
20160224 20:46:05/debug/500
20160224 20:46:11/debug/500
20160224 20:50:58/debug/500
20160224 20:51:00/debug/500
20160224 20:51:01/debug/500
20160224 20:53:52/debug/500
20160224 20:53:55/debug/500
20160224 20:53:58/debug/500
20160224 20:58:42/debug/500
20160224 21:00:15/debug/500
20160224 21:00:16/debug/500
20160224 21:00:19/debug/500
20160224 21:00:20/debug/500
20160224 21:00:54/debug/500
20160224 21:01:00/debug/500
20160224 21:01:02/debug/500
20160224 21:01:05/debug/500
20160224 21:01:24/debug/500
20160224 21:01:25/debug/500
20160224 21:02:41/debug/500
20160224 21:02:43/debug/500
20160224 21:02:46/debug/500
20160224 21:02:52/debug/500
20160224 21:02:59/debug/500
20160224 21:03:01/debug/500
20160224 21:03:05/debug/500
20160224 21:03:07/debug/500
20160224 21:03:26/debug/500
20160224 21:05:15/debug/500
20160224 21:13:06/debug/500
20160224 21:13:10/debug/500
20160224 21:13:11/debug/500
20160224 21:13:11/debug/500
20160224 21:13:18/debug/500
20160224 21:13:54/debug/500
20160224 21:15:34/debug/500
20160224 21:15:38/debug/500
20160224 21:15:41/debug/500
20160224 21:17:26/debug/500
20160224 21:17:28/debug/500
20160224 21:17:30/debug/500
20160224 21:17:31/debug/500
20160224 21:17:33/debug/500
20160224 21:17:34/debug/500
20160224 21:17:35/debug/500
20160224 21:17:36/debug/500
20160224 21:17:37/debug/500
20160224 21:17:39/debug/500
20160224 21:17:40/debug/500
20160224 21:18:20/debug/500
20160224 21:18:21/debug/500
20160224 21:18:23/debug/500
20160224 21:18:27/debug/500
20160224 21:20:09/debug/500
20160224 21:20:13/debug/500
20160224 21:20:21/debug/500
20160224 21:20:23/debug/500
20160224 21:21:00/debug/500
20160224 21:21:02/debug/500
20160224 21:21:03/debug/500
20160224 21:21:04/debug/500
20160224 21:21:05/debug/500
20160224 21:21:07/debug/500
20160224 21:21:09/debug/500
20160224 21:21:10/debug/500
20160224 21:21:11/debug/500
20160224 21:21:11/debug/500
20160224 21:21:12/debug/500
20160224 21:21:12/debug/500
20160224 21:21:13/debug/500
20160224 21:21:14/debug/500
20160224 21:21:15/debug/500
20160224 21:21:16/debug/500
20160224 21:21:17/debug/500
20160224 21:21:17/debug/500
20160224 21:21:18/debug/500
20160224 21:21:19/debug/500
20160224 21:21:20/debug/500
20160224 21:21:21/debug/500
20160224 21:21:22/debug/500
20160224 21:21:22/debug/500
20160224 21:21:23/debug/500
20160224 21:21:24/debug/500
20160224 21:21:52/debug/500
20160224 21:21:53/debug/500
20160224 21:21:59/debug/500
20160224 21:22:22/debug/500
20160224 21:22:23/debug/500
20160224 21:22:23/debug/500
20160224 21:22:24/debug/500
20160224 21:22:25/debug/500
20160224 21:22:26/debug/500
20160224 21:23:35/debug/500
20160224 21:23:36/debug/500
20160224 21:23:36/debug/500
20160224 21:23:38/debug/500
20160224 21:23:39/debug/500
20160224 21:23:40/debug/500
20160224 21:23:44/debug/500
20160224 21:23:45/debug/500
20160224 21:23:52/debug/500
20160224 21:23:53/debug/500
20160224 21:23:58/debug/500
20160224 21:24:00/debug/500
20160224 21:24:02/debug/500
20160224 21:24:03/debug/500
20160224 21:24:11/debug/500
20160224 21:25:08/debug/500
20160224 21:25:10/debug/500
20160224 21:25:14/debug/500
20160224 21:25:15/debug/500
20160224 21:26:15/debug/500
20160224 21:26:16/debug/500
20160224 21:26:17/debug/500
20160224 21:26:18/debug/500
20160224 21:26:18/debug/500
20160224 21:26:19/debug/500
20160224 21:26:21/debug/500
20160224 21:26:24/debug/500
20160224 21:26:26/debug/500
20160224 21:26:27/debug/500
20160224 21:26:27/debug/500
20160224 21:26:28/debug/500
20160224 21:26:29/debug/500
20160224 21:26:29/debug/500
20160224 21:26:30/debug/500
20160224 21:26:31/debug/500
20160224 21:26:36/debug/500
20160224 21:26:37/debug/500
20160224 21:26:38/debug/500
20160224 21:26:38/debug/500
20160224 21:26:49/debug/500
20160224 21:30:01/debug/500
20160224 21:30:03/debug/500
20160224 21:31:16/debug/500
20160224 21:32:24/debug/500
20160224 21:32:25/debug/500
20160224 21:32:26/debug/500
20160224 21:32:27/debug/500
20160224 21:32:28/debug/500
20160224 21:32:29/debug/500
20160224 21:32:30/debug/500
20160224 21:32:37/debug/500
