20160217 14:13:08/debug/48
20160217 14:13:10/debug/49
20160217 14:14:52/debug/50
20160217 14:14:54/debug/51
20160217 14:27:11/debug/52
20160217 14:27:13/debug/53
20160217 14:39:08/debug/54
20160217 14:39:09/debug/55
20160217 14:39:10/debug/56
20160217 14:39:11/debug/57
20160217 14:39:12/debug/58
20160217 14:39:14/debug/59
20160217 14:39:15/debug/60
20160217 14:39:17/debug/61
20160217 14:39:18/debug/62
20160217 14:39:18/debug/63
20160217 14:39:20/debug/64
20160217 14:39:26/debug/65
20160217 14:39:27/debug/66
20160217 14:39:28/debug/67
20160217 14:40:37/debug/68
20160217 14:40:39/debug/69
20160217 14:40:45/debug/70
20160217 14:40:46/debug/71
20160217 14:41:24/debug/72
20160217 14:41:24/debug/10円
20160217 14:41:25/debug/73
20160217 14:41:25/debug/10円
20160217 14:41:30/debug/74
20160217 14:41:30/debug/50円
20160217 14:41:31/debug/75
20160217 14:41:31/debug/100円
20160217 14:41:32/debug/76
20160217 14:41:32/debug/500円
20160217 15:32:29/debug/79
20160217 15:32:29/debug/
20160217 15:32:30/debug/80
20160217 15:32:30/debug/
20160217 15:33:15/debug/81
20160217 15:33:15/debug/
20160217 15:33:17/debug/82
20160217 15:33:17/debug/
20160217 15:33:19/debug/83
20160217 15:33:19/debug/
20160217 15:33:36/debug/84
20160217 15:33:36/debug/
20160217 15:34:15/debug/10円
20160217 15:34:18/debug/50円
